<?xml version="1.0" encoding="UTF-8"?>
<!-- Generated by org.testng.reporters.JUnitReportReporter -->
<testsuite skipped="0" hostname="DESKTOP-1UNN7PP" name="com.crm.qa.testcases.HomePageTest" tests="3" failures="0" timestamp="24 Jul 2019 11:22:25 GMT" time="80.710" errors="0">
  <testcase name="verifyHomePageTitleTest" time="31.427" classname="com.crm.qa.testcases.HomePageTest"/>
  <testcase name="verifyUserNameTest" time="23.067" classname="com.crm.qa.testcases.HomePageTest"/>
  <testcase name="verifyContactsLinkTest" time="26.216" classname="com.crm.qa.testcases.HomePageTest"/>
</testsuite> <!-- com.crm.qa.testcases.HomePageTest -->
