<?xml version="1.0" encoding="UTF-8"?>
<!-- Generated by org.testng.reporters.JUnitReportReporter -->
<testsuite skipped="0" hostname="DESKTOP-1UNN7PP" name="com.crm.qa.testcases.HomePageTest" tests="3" failures="0" timestamp="24 Jul 2019 13:49:47 GMT" time="47.311" errors="0">
  <testcase name="verifyHomePageTitleTest" time="16.321" classname="com.crm.qa.testcases.HomePageTest"/>
  <testcase name="verifyUserNameTest" time="14.517" classname="com.crm.qa.testcases.HomePageTest"/>
  <testcase name="verifyContactsLinkTest" time="16.473" classname="com.crm.qa.testcases.HomePageTest"/>
</testsuite> <!-- com.crm.qa.testcases.HomePageTest -->
