<?xml version="1.0" encoding="UTF-8"?>
<!-- Generated by org.testng.reporters.JUnitReportReporter -->
<testsuite skipped="0" hostname="DESKTOP-1UNN7PP" name="com.crm.qa.testcases.LoginPageTest" tests="3" failures="0" timestamp="24 Jul 2019 13:52:44 GMT" time="37.150" errors="0">
  <testcase name="loginPageTitleTest" time="10.092" classname="com.crm.qa.testcases.LoginPageTest"/>
  <testcase name="crmLogoImageTest" time="9.877" classname="com.crm.qa.testcases.LoginPageTest"/>
  <testcase name="loginTest" time="17.181" classname="com.crm.qa.testcases.LoginPageTest"/>
</testsuite> <!-- com.crm.qa.testcases.LoginPageTest -->
